{"/Users/davidpetersen/Desktop/Projects/familying/packages/services/soundscapes/src/components.ts": {"path":"/Users/davidpetersen/Desktop/Projects/familying/packages/services/soundscapes/src/components.ts","statementMap":{"0":{"start":{"line":2,"column":0},"end":{"line":2,"column":9}},"1":{"start":{"line":2,"column":9},"end":{"line":2,"column":33}},"2":{"start":{"line":3,"column":0},"end":{"line":3,"column":9}},"3":{"start":{"line":3,"column":9},"end":{"line":3,"column":34}}},"fnMap":{"0":{"name":"(anonymous_1)","decl":{"start":{"line":2,"column":9},"end":{"line":2,"column":16}},"loc":{"start":{"line":2,"column":9},"end":{"line":2,"column":33}}},"1":{"name":"(anonymous_2)","decl":{"start":{"line":3,"column":9},"end":{"line":3,"column":16}},"loc":{"start":{"line":3,"column":9},"end":{"line":3,"column":34}}}},"branchMap":{},"s":{"0":0,"1":0,"2":0,"3":0},"f":{"0":0,"1":0},"b":{}}
,"/Users/davidpetersen/Desktop/Projects/familying/packages/services/soundscapes/src/api/storage.ts": {"path":"/Users/davidpetersen/Desktop/Projects/familying/packages/services/soundscapes/src/api/storage.ts","statementMap":{"0":{"start":{"line":44,"column":0},"end":{"line":44,"column":7}},"1":{"start":{"line":98,"column":0},"end":{"line":98,"column":7}},"2":{"start":{"line":2,"column":0},"end":{"line":2,"column":63}},"3":{"start":{"line":3,"column":0},"end":{"line":3,"column":62}},"4":{"start":{"line":4,"column":0},"end":{"line":4,"column":84}},"5":{"start":{"line":5,"column":0},"end":{"line":5,"column":95}},"6":{"start":{"line":8,"column":33},"end":{"line":14,"column":6}},"7":{"start":{"line":16,"column":2},"end":{"line":19,"column":3}},"8":{"start":{"line":17,"column":4},"end":{"line":17,"column":null}},"9":{"start":{"line":18,"column":4},"end":{"line":18,"column":null}},"10":{"start":{"line":21,"column":2},"end":{"line":35,"column":3}},"11":{"start":{"line":22,"column":21},"end":{"line":22,"column":62}},"12":{"start":{"line":24,"column":4},"end":{"line":34,"column":5}},"13":{"start":{"line":26,"column":6},"end":{"line":26,"column":null}},"14":{"start":{"line":29,"column":6},"end":{"line":33,"column":null}},"15":{"start":{"line":37,"column":2},"end":{"line":37,"column":null}},"16":{"start":{"line":45,"column":2},"end":{"line":91,"column":3}},"17":{"start":{"line":47,"column":21},"end":{"line":47,"column":71}},"18":{"start":{"line":50,"column":23},"end":{"line":53,"column":6}},"19":{"start":{"line":51,"column":24},"end":{"line":51,"column":64}},"20":{"start":{"line":52,"column":6},"end":{"line":52,"column":null}},"21":{"start":{"line":56,"column":26},"end":{"line":72,"column":6}},"22":{"start":{"line":57,"column":32},"end":{"line":59,"column":36}},"23":{"start":{"line":61,"column":6},"end":{"line":71,"column":null}},"24":{"start":{"line":75,"column":4},"end":{"line":80,"column":null}},"25":{"start":{"line":76,"column":6},"end":{"line":78,"column":7}},"26":{"start":{"line":77,"column":8},"end":{"line":77,"column":null}},"27":{"start":{"line":79,"column":6},"end":{"line":79,"column":null}},"28":{"start":{"line":82,"column":4},"end":{"line":88,"column":null}},"29":{"start":{"line":86,"column":52},"end":{"line":86,"column":60}},"30":{"start":{"line":90,"column":4},"end":{"line":90,"column":null}},"31":{"start":{"line":99,"column":2},"end":{"line":247,"column":3}},"32":{"start":{"line":101,"column":23},"end":{"line":101,"column":78}},"33":{"start":{"line":102,"column":4},"end":{"line":109,"column":5}},"34":{"start":{"line":103,"column":6},"end":{"line":108,"column":null}},"35":{"start":{"line":111,"column":22},"end":{"line":111,"column":59}},"36":{"start":{"line":113,"column":20},"end":{"line":113,"column":22}},"37":{"start":{"line":115,"column":4},"end":{"line":225,"column":5}},"38":{"start":{"line":116,"column":6},"end":{"line":224,"column":7}},"39":{"start":{"line":118,"column":53},"end":{"line":120,"column":41}},"40":{"start":{"line":122,"column":8},"end":{"line":129,"column":9}},"41":{"start":{"line":123,"column":10},"end":{"line":127,"column":null}},"42":{"start":{"line":128,"column":10},"end":{"line":128,"column":18}},"43":{"start":{"line":131,"column":21},"end":{"line":131,"column":32}},"44":{"start":{"line":132,"column":26},"end":{"line":132,"column":45}},"45":{"start":{"line":133,"column":25},"end":{"line":133,"column":56}},"46":{"start":{"line":134,"column":27},"end":{"line":134,"column":69}},"47":{"start":{"line":137,"column":30},"end":{"line":137,"column":52}},"48":{"start":{"line":138,"column":32},"end":{"line":138,"column":56}},"49":{"start":{"line":139,"column":69},"end":{"line":139,"column":77}},"50":{"start":{"line":142,"column":8},"end":{"line":159,"column":9}},"51":{"start":{"line":143,"column":10},"end":{"line":143,"column":null}},"52":{"start":{"line":144,"column":15},"end":{"line":159,"column":9}},"53":{"start":{"line":145,"column":10},"end":{"line":145,"column":null}},"54":{"start":{"line":146,"column":15},"end":{"line":159,"column":9}},"55":{"start":{"line":147,"column":10},"end":{"line":147,"column":null}},"56":{"start":{"line":148,"column":15},"end":{"line":159,"column":9}},"57":{"start":{"line":149,"column":10},"end":{"line":149,"column":null}},"58":{"start":{"line":152,"column":10},"end":{"line":158,"column":11}},"59":{"start":{"line":153,"column":12},"end":{"line":153,"column":null}},"60":{"start":{"line":154,"column":17},"end":{"line":158,"column":11}},"61":{"start":{"line":155,"column":12},"end":{"line":155,"column":null}},"62":{"start":{"line":156,"column":17},"end":{"line":158,"column":11}},"63":{"start":{"line":157,"column":12},"end":{"line":157,"column":null}},"64":{"start":{"line":162,"column":34},"end":{"line":164,"column":33}},"65":{"start":{"line":167,"column":31},"end":{"line":179,"column":null}},"66":{"start":{"line":171,"column":45},"end":{"line":171,"column":60}},"67":{"start":{"line":182,"column":39},"end":{"line":186,"column":19}},"68":{"start":{"line":188,"column":8},"end":{"line":196,"column":9}},"69":{"start":{"line":189,"column":10},"end":{"line":194,"column":null}},"70":{"start":{"line":195,"column":10},"end":{"line":195,"column":18}},"71":{"start":{"line":199,"column":32},"end":{"line":203,"column":19}},"72":{"start":{"line":205,"column":8},"end":{"line":217,"column":9}},"73":{"start":{"line":206,"column":10},"end":{"line":210,"column":null}},"74":{"start":{"line":212,"column":10},"end":{"line":216,"column":null}},"75":{"start":{"line":219,"column":8},"end":{"line":223,"column":null}},"76":{"start":{"line":227,"column":25},"end":{"line":227,"column":62}},"77":{"start":{"line":227,"column":45},"end":{"line":227,"column":54}},"78":{"start":{"line":228,"column":25},"end":{"line":228,"column":63}},"79":{"start":{"line":228,"column":45},"end":{"line":228,"column":55}},"80":{"start":{"line":230,"column":4},"end":{"line":238,"column":null}},"81":{"start":{"line":240,"column":4},"end":{"line":240,"column":null}},"82":{"start":{"line":241,"column":4},"end":{"line":246,"column":null}}},"fnMap":{"0":{"name":"getAllFilesRecursively","decl":{"start":{"line":7,"column":15},"end":{"line":7,"column":37}},"loc":{"start":{"line":7,"column":85},"end":{"line":38,"column":1}}},"1":{"name":"getStorageFiles","decl":{"start":{"line":44,"column":22},"end":{"line":44,"column":37}},"loc":{"start":{"line":44,"column":58},"end":{"line":92,"column":1}}},"2":{"name":"(anonymous_2)","decl":{"start":{"line":50,"column":39},"end":{"line":50,"column":43}},"loc":{"start":{"line":50,"column":46},"end":{"line":53,"column":5}}},"3":{"name":"(anonymous_3)","decl":{"start":{"line":56,"column":41},"end":{"line":56,"column":45}},"loc":{"start":{"line":56,"column":48},"end":{"line":72,"column":5}}},"4":{"name":"(anonymous_4)","decl":{"start":{"line":75,"column":23},"end":{"line":75,"column":24}},"loc":{"start":{"line":75,"column":32},"end":{"line":80,"column":5}}},"5":{"name":"(anonymous_5)","decl":{"start":{"line":86,"column":47},"end":{"line":86,"column":48}},"loc":{"start":{"line":86,"column":52},"end":{"line":86,"column":60}}},"6":{"name":"importStorageFiles","decl":{"start":{"line":98,"column":22},"end":{"line":98,"column":40}},"loc":{"start":{"line":98,"column":61},"end":{"line":248,"column":1}}},"7":{"name":"(anonymous_7)","decl":{"start":{"line":171,"column":30},"end":{"line":171,"column":31}},"loc":{"start":{"line":171,"column":45},"end":{"line":171,"column":60}}},"8":{"name":"(anonymous_8)","decl":{"start":{"line":227,"column":40},"end":{"line":227,"column":41}},"loc":{"start":{"line":227,"column":45},"end":{"line":227,"column":54}}},"9":{"name":"(anonymous_9)","decl":{"start":{"line":228,"column":40},"end":{"line":228,"column":41}},"loc":{"start":{"line":228,"column":45},"end":{"line":228,"column":55}}}},"branchMap":{"0":{"loc":{"start":{"line":7,"column":54},"end":{"line":7,"column":63}},"type":"default-arg","locations":[{"start":{"line":7,"column":61},"end":{"line":7,"column":63}}]},"1":{"loc":{"start":{"line":7,"column":65},"end":{"line":7,"column":85}},"type":"default-arg","locations":[{"start":{"line":7,"column":83},"end":{"line":7,"column":85}}]},"2":{"loc":{"start":{"line":16,"column":2},"end":{"line":19,"column":3}},"type":"if","locations":[{"start":{"line":16,"column":2},"end":{"line":19,"column":3}}]},"3":{"loc":{"start":{"line":21,"column":21},"end":{"line":21,"column":32}},"type":"binary-expr","locations":[{"start":{"line":21,"column":21},"end":{"line":21,"column":26}},{"start":{"line":21,"column":30},"end":{"line":21,"column":32}}]},"4":{"loc":{"start":{"line":22,"column":21},"end":{"line":22,"column":62}},"type":"cond-expr","locations":[{"start":{"line":22,"column":28},"end":{"line":22,"column":50}},{"start":{"line":22,"column":53},"end":{"line":22,"column":62}}]},"5":{"loc":{"start":{"line":24,"column":4},"end":{"line":34,"column":5}},"type":"if","locations":[{"start":{"line":24,"column":4},"end":{"line":34,"column":5}},{"start":{"line":27,"column":11},"end":{"line":34,"column":5}}]},"6":{"loc":{"start":{"line":32,"column":16},"end":{"line":32,"column":30}},"type":"binary-expr","locations":[{"start":{"line":32,"column":16},"end":{"line":32,"column":20}},{"start":{"line":32,"column":24},"end":{"line":32,"column":30}}]},"7":{"loc":{"start":{"line":52,"column":66},"end":{"line":52,"column":81}},"type":"binary-expr","locations":[{"start":{"line":52,"column":66},"end":{"line":52,"column":75}},{"start":{"line":52,"column":79},"end":{"line":52,"column":81}}]},"8":{"loc":{"start":{"line":66,"column":14},"end":{"line":66,"column":38}},"type":"binary-expr","locations":[{"start":{"line":66,"column":14},"end":{"line":66,"column":33}},{"start":{"line":66,"column":37},"end":{"line":66,"column":38}}]},"9":{"loc":{"start":{"line":66,"column":14},"end":{"line":66,"column":33}},"type":"cond-expr","locations":[{"start":{"line":66,"column":27},"end":{"line":66,"column":29}},{"start":{"line":66,"column":27},"end":{"line":66,"column":33}}]},"10":{"loc":{"start":{"line":66,"column":14},"end":{"line":66,"column":29}},"type":"binary-expr","locations":[{"start":{"line":66,"column":14},"end":{"line":66,"column":29}},{"start":{"line":66,"column":27},"end":{"line":66,"column":29}}]},"11":{"loc":{"start":{"line":67,"column":21},"end":{"line":67,"column":60}},"type":"binary-expr","locations":[{"start":{"line":67,"column":21},"end":{"line":67,"column":44}},{"start":{"line":67,"column":48},"end":{"line":67,"column":60}}]},"12":{"loc":{"start":{"line":67,"column":21},"end":{"line":67,"column":44}},"type":"cond-expr","locations":[{"start":{"line":67,"column":34},"end":{"line":67,"column":36}},{"start":{"line":67,"column":34},"end":{"line":67,"column":44}}]},"13":{"loc":{"start":{"line":67,"column":21},"end":{"line":67,"column":36}},"type":"binary-expr","locations":[{"start":{"line":67,"column":21},"end":{"line":67,"column":36}},{"start":{"line":67,"column":34},"end":{"line":67,"column":36}}]},"14":{"loc":{"start":{"line":68,"column":22},"end":{"line":68,"column":56}},"type":"binary-expr","locations":[{"start":{"line":68,"column":22},"end":{"line":68,"column":37}},{"start":{"line":68,"column":41},"end":{"line":68,"column":56}}]},"15":{"loc":{"start":{"line":76,"column":6},"end":{"line":78,"column":7}},"type":"if","locations":[{"start":{"line":76,"column":6},"end":{"line":78,"column":7}}]},"16":{"loc":{"start":{"line":102,"column":4},"end":{"line":109,"column":5}},"type":"if","locations":[{"start":{"line":102,"column":4},"end":{"line":109,"column":5}}]},"17":{"loc":{"start":{"line":122,"column":8},"end":{"line":129,"column":9}},"type":"if","locations":[{"start":{"line":122,"column":8},"end":{"line":129,"column":9}}]},"18":{"loc":{"start":{"line":122,"column":12},"end":{"line":122,"column":59}},"type":"binary-expr","locations":[{"start":{"line":122,"column":12},"end":{"line":122,"column":21}},{"start":{"line":122,"column":25},"end":{"line":122,"column":34}},{"start":{"line":122,"column":38},"end":{"line":122,"column":59}}]},"19":{"loc":{"start":{"line":134,"column":27},"end":{"line":134,"column":69}},"type":"binary-expr","locations":[{"start":{"line":134,"column":27},"end":{"line":134,"column":59}},{"start":{"line":134,"column":63},"end":{"line":134,"column":69}}]},"20":{"loc":{"start":{"line":142,"column":8},"end":{"line":159,"column":9}},"type":"if","locations":[{"start":{"line":142,"column":8},"end":{"line":159,"column":9}},{"start":{"line":144,"column":15},"end":{"line":159,"column":9}}]},"21":{"loc":{"start":{"line":142,"column":12},"end":{"line":142,"column":123}},"type":"binary-expr","locations":[{"start":{"line":142,"column":12},"end":{"line":142,"column":45}},{"start":{"line":142,"column":49},"end":{"line":142,"column":84}},{"start":{"line":142,"column":88},"end":{"line":142,"column":123}}]},"22":{"loc":{"start":{"line":144,"column":15},"end":{"line":159,"column":9}},"type":"if","locations":[{"start":{"line":144,"column":15},"end":{"line":159,"column":9}},{"start":{"line":146,"column":15},"end":{"line":159,"column":9}}]},"23":{"loc":{"start":{"line":144,"column":19},"end":{"line":144,"column":127}},"type":"binary-expr","locations":[{"start":{"line":144,"column":19},"end":{"line":144,"column":52}},{"start":{"line":144,"column":56},"end":{"line":144,"column":89}},{"start":{"line":144,"column":93},"end":{"line":144,"column":127}}]},"24":{"loc":{"start":{"line":146,"column":15},"end":{"line":159,"column":9}},"type":"if","locations":[{"start":{"line":146,"column":15},"end":{"line":159,"column":9}},{"start":{"line":148,"column":15},"end":{"line":159,"column":9}}]},"25":{"loc":{"start":{"line":146,"column":19},"end":{"line":146,"column":132}},"type":"binary-expr","locations":[{"start":{"line":146,"column":19},"end":{"line":146,"column":52}},{"start":{"line":146,"column":56},"end":{"line":146,"column":95}},{"start":{"line":146,"column":99},"end":{"line":146,"column":132}}]},"26":{"loc":{"start":{"line":148,"column":15},"end":{"line":159,"column":9}},"type":"if","locations":[{"start":{"line":148,"column":15},"end":{"line":159,"column":9}},{"start":{"line":150,"column":15},"end":{"line":159,"column":9}}]},"27":{"loc":{"start":{"line":148,"column":19},"end":{"line":148,"column":131}},"type":"binary-expr","locations":[{"start":{"line":148,"column":19},"end":{"line":148,"column":53}},{"start":{"line":148,"column":57},"end":{"line":148,"column":92}},{"start":{"line":148,"column":96},"end":{"line":148,"column":131}}]},"28":{"loc":{"start":{"line":152,"column":10},"end":{"line":158,"column":11}},"type":"if","locations":[{"start":{"line":152,"column":10},"end":{"line":158,"column":11}},{"start":{"line":154,"column":17},"end":{"line":158,"column":11}}]},"29":{"loc":{"start":{"line":152,"column":14},"end":{"line":152,"column":117}},"type":"binary-expr","locations":[{"start":{"line":152,"column":14},"end":{"line":152,"column":45}},{"start":{"line":152,"column":49},"end":{"line":152,"column":82}},{"start":{"line":152,"column":86},"end":{"line":152,"column":117}}]},"30":{"loc":{"start":{"line":154,"column":17},"end":{"line":158,"column":11}},"type":"if","locations":[{"start":{"line":154,"column":17},"end":{"line":158,"column":11}},{"start":{"line":156,"column":17},"end":{"line":158,"column":11}}]},"31":{"loc":{"start":{"line":154,"column":21},"end":{"line":154,"column":123}},"type":"binary-expr","locations":[{"start":{"line":154,"column":21},"end":{"line":154,"column":52}},{"start":{"line":154,"column":56},"end":{"line":154,"column":87}},{"start":{"line":154,"column":91},"end":{"line":154,"column":123}}]},"32":{"loc":{"start":{"line":156,"column":17},"end":{"line":158,"column":11}},"type":"if","locations":[{"start":{"line":156,"column":17},"end":{"line":158,"column":11}}]},"33":{"loc":{"start":{"line":156,"column":21},"end":{"line":156,"column":128}},"type":"binary-expr","locations":[{"start":{"line":156,"column":21},"end":{"line":156,"column":52}},{"start":{"line":156,"column":56},"end":{"line":156,"column":93}},{"start":{"line":156,"column":97},"end":{"line":156,"column":128}}]},"34":{"loc":{"start":{"line":172,"column":60},"end":{"line":172,"column":107}},"type":"cond-expr","locations":[{"start":{"line":172,"column":84},"end":{"line":172,"column":102}},{"start":{"line":172,"column":105},"end":{"line":172,"column":107}}]},"35":{"loc":{"start":{"line":188,"column":8},"end":{"line":196,"column":9}},"type":"if","locations":[{"start":{"line":188,"column":8},"end":{"line":196,"column":9}}]},"36":{"loc":{"start":{"line":205,"column":8},"end":{"line":217,"column":9}},"type":"if","locations":[{"start":{"line":205,"column":8},"end":{"line":217,"column":9}},{"start":{"line":211,"column":15},"end":{"line":217,"column":9}}]},"37":{"loc":{"start":{"line":222,"column":17},"end":{"line":222,"column":81}},"type":"cond-expr","locations":[{"start":{"line":222,"column":46},"end":{"line":222,"column":63}},{"start":{"line":222,"column":66},"end":{"line":222,"column":81}}]},"38":{"loc":{"start":{"line":231,"column":67},"end":{"line":231,"column":117}},"type":"cond-expr","locations":[{"start":{"line":231,"column":86},"end":{"line":231,"column":112}},{"start":{"line":231,"column":115},"end":{"line":231,"column":117}}]},"39":{"loc":{"start":{"line":243,"column":6},"end":{"line":243,"column":56}},"type":"cond-expr","locations":[{"start":{"line":243,"column":31},"end":{"line":243,"column":44}},{"start":{"line":243,"column":47},"end":{"line":243,"column":56}}]}},"s":{"0":1,"1":1,"2":1,"3":1,"4":1,"5":1,"6":3,"7":3,"8":1,"9":1,"10":2,"11":3,"12":3,"13":0,"14":3,"15":2,"16":3,"17":3,"18":3,"19":3,"20":3,"21":3,"22":2,"23":2,"24":3,"25":0,"26":0,"27":0,"28":3,"29":2,"30":0,"31":4,"32":4,"33":4,"34":1,"35":3,"36":3,"37":3,"38":3,"39":3,"40":3,"41":0,"42":0,"43":3,"44":3,"45":3,"46":3,"47":3,"48":3,"49":3,"50":3,"51":0,"52":3,"53":0,"54":3,"55":0,"56":3,"57":0,"58":3,"59":0,"60":3,"61":0,"62":3,"63":0,"64":3,"65":3,"66":3,"67":3,"68":0,"69":0,"70":0,"71":0,"72":0,"73":0,"74":0,"75":3,"76":3,"77":3,"78":3,"79":3,"80":3,"81":0,"82":0},"f":{"0":3,"1":3,"2":3,"3":2,"4":0,"5":2,"6":4,"7":3,"8":3,"9":3},"b":{"0":[3],"1":[3],"2":[1],"3":[2,0],"4":[0,3],"5":[0,3],"6":[3,3],"7":[3,0],"8":[2,0],"9":[0,2],"10":[2,2],"11":[2,0],"12":[0,2],"13":[2,2],"14":[2,0],"15":[0],"16":[1],"17":[0],"18":[3,3,3],"19":[3,3],"20":[0,3],"21":[3,3,3],"22":[0,3],"23":[3,3,3],"24":[0,3],"25":[3,3,3],"26":[0,3],"27":[3,3,3],"28":[0,3],"29":[3,3,3],"30":[0,3],"31":[3,3,3],"32":[0],"33":[3,3,3],"34":[0,3],"35":[0],"36":[0,0],"37":[3,0],"38":[3,0],"39":[0,0]}}
,"/Users/davidpetersen/Desktop/Projects/familying/packages/services/soundscapes/src/api/admin/route.ts": {"path":"/Users/davidpetersen/Desktop/Projects/familying/packages/services/soundscapes/src/api/admin/route.ts","statementMap":{"0":{"start":{"line":81,"column":0},"end":{"line":81,"column":7}},"1":{"start":{"line":102,"column":0},"end":{"line":102,"column":7}},"2":{"start":{"line":1,"column":0},"end":{"line":1,"column":56}},"3":{"start":{"line":2,"column":0},"end":{"line":2,"column":44}},"4":{"start":{"line":3,"column":0},"end":{"line":3,"column":51}},"5":{"start":{"line":4,"column":0},"end":{"line":4,"column":64}},"6":{"start":{"line":7,"column":26},"end":{"line":60,"column":2}},"7":{"start":{"line":62,"column":18},"end":{"line":62,"column":40}},"8":{"start":{"line":66,"column":21},"end":{"line":66,"column":33}},"9":{"start":{"line":68,"column":2},"end":{"line":70,"column":3}},"10":{"start":{"line":69,"column":4},"end":{"line":69,"column":16}},"11":{"start":{"line":72,"column":14},"end":{"line":72,"column":40}},"12":{"start":{"line":73,"column":2},"end":{"line":75,"column":3}},"13":{"start":{"line":74,"column":4},"end":{"line":74,"column":45}},"14":{"start":{"line":77,"column":2},"end":{"line":77,"column":15}},"15":{"start":{"line":82,"column":2},"end":{"line":98,"column":3}},"16":{"start":{"line":83,"column":18},"end":{"line":83,"column":43}},"17":{"start":{"line":84,"column":4},"end":{"line":86,"column":5}},"18":{"start":{"line":85,"column":6},"end":{"line":85,"column":100}},"19":{"start":{"line":90,"column":4},"end":{"line":94,"column":7}},"20":{"start":{"line":96,"column":4},"end":{"line":96,"column":56}},"21":{"start":{"line":97,"column":4},"end":{"line":97,"column":104}},"22":{"start":{"line":103,"column":2},"end":{"line":139,"column":3}},"23":{"start":{"line":104,"column":18},"end":{"line":104,"column":43}},"24":{"start":{"line":105,"column":4},"end":{"line":107,"column":5}},"25":{"start":{"line":106,"column":6},"end":{"line":106,"column":100}},"26":{"start":{"line":109,"column":17},"end":{"line":109,"column":37}},"27":{"start":{"line":110,"column":97},"end":{"line":110,"column":101}},"28":{"start":{"line":112,"column":4},"end":{"line":114,"column":5}},"29":{"start":{"line":113,"column":6},"end":{"line":113,"column":102}},"30":{"start":{"line":116,"column":26},"end":{"line":128,"column":6}},"31":{"start":{"line":130,"column":4},"end":{"line":130,"column":36}},"32":{"start":{"line":132,"column":4},"end":{"line":135,"column":7}},"33":{"start":{"line":137,"column":4},"end":{"line":137,"column":55}},"34":{"start":{"line":138,"column":4},"end":{"line":138,"column":104}}},"fnMap":{"0":{"name":"verifyAdminAccess","decl":{"start":{"line":65,"column":15},"end":{"line":65,"column":32}},"loc":{"start":{"line":65,"column":32},"end":{"line":78,"column":1}}},"1":{"name":"GET","decl":{"start":{"line":81,"column":22},"end":{"line":81,"column":25}},"loc":{"start":{"line":81,"column":25},"end":{"line":99,"column":1}}},"2":{"name":"POST","decl":{"start":{"line":102,"column":22},"end":{"line":102,"column":26}},"loc":{"start":{"line":102,"column":47},"end":{"line":140,"column":1}}}},"branchMap":{"0":{"loc":{"start":{"line":68,"column":2},"end":{"line":70,"column":3}},"type":"if","locations":[{"start":{"line":68,"column":2},"end":{"line":70,"column":3}}]},"1":{"loc":{"start":{"line":73,"column":2},"end":{"line":75,"column":3}},"type":"if","locations":[{"start":{"line":73,"column":2},"end":{"line":75,"column":3}}]},"2":{"loc":{"start":{"line":84,"column":4},"end":{"line":86,"column":5}},"type":"if","locations":[{"start":{"line":84,"column":4},"end":{"line":86,"column":5}}]},"3":{"loc":{"start":{"line":105,"column":4},"end":{"line":107,"column":5}},"type":"if","locations":[{"start":{"line":105,"column":4},"end":{"line":107,"column":5}}]},"4":{"loc":{"start":{"line":112,"column":4},"end":{"line":114,"column":5}},"type":"if","locations":[{"start":{"line":112,"column":4},"end":{"line":114,"column":5}}]},"5":{"loc":{"start":{"line":112,"column":8},"end":{"line":112,"column":59}},"type":"binary-expr","locations":[{"start":{"line":112,"column":8},"end":{"line":112,"column":14}},{"start":{"line":112,"column":18},"end":{"line":112,"column":28}},{"start":{"line":112,"column":32},"end":{"line":112,"column":46}},{"start":{"line":112,"column":50},"end":{"line":112,"column":59}}]},"6":{"loc":{"start":{"line":119,"column":19},"end":{"line":119,"column":36}},"type":"binary-expr","locations":[{"start":{"line":119,"column":19},"end":{"line":119,"column":30}},{"start":{"line":119,"column":34},"end":{"line":119,"column":36}}]},"7":{"loc":{"start":{"line":123,"column":20},"end":{"line":123,"column":68}},"type":"cond-expr","locations":[{"start":{"line":123,"column":49},"end":{"line":123,"column":61}},{"start":{"line":123,"column":64},"end":{"line":123,"column":68}}]},"8":{"loc":{"start":{"line":124,"column":18},"end":{"line":124,"column":33}},"type":"binary-expr","locations":[{"start":{"line":124,"column":18},"end":{"line":124,"column":28}},{"start":{"line":124,"column":32},"end":{"line":124,"column":33}}]}},"s":{"0":0,"1":0,"2":0,"3":0,"4":0,"5":0,"6":0,"7":0,"8":0,"9":0,"10":0,"11":0,"12":0,"13":0,"14":0,"15":0,"16":0,"17":0,"18":0,"19":0,"20":0,"21":0,"22":0,"23":0,"24":0,"25":0,"26":0,"27":0,"28":0,"29":0,"30":0,"31":0,"32":0,"33":0,"34":0},"f":{"0":0,"1":0,"2":0},"b":{"0":[0],"1":[0],"2":[0],"3":[0],"4":[0],"5":[0,0,0,0],"6":[0,0],"7":[0,0],"8":[0,0]}}
,"/Users/davidpetersen/Desktop/Projects/familying/packages/services/soundscapes/src/api/admin/[id]/route.ts": {"path":"/Users/davidpetersen/Desktop/Projects/familying/packages/services/soundscapes/src/api/admin/[id]/route.ts","statementMap":{"0":{"start":{"line":81,"column":0},"end":{"line":81,"column":7}},"1":{"start":{"line":127,"column":0},"end":{"line":127,"column":7}},"2":{"start":{"line":1,"column":0},"end":{"line":1,"column":56}},"3":{"start":{"line":2,"column":0},"end":{"line":2,"column":44}},"4":{"start":{"line":3,"column":0},"end":{"line":3,"column":51}},"5":{"start":{"line":4,"column":0},"end":{"line":4,"column":64}},"6":{"start":{"line":7,"column":26},"end":{"line":60,"column":2}},"7":{"start":{"line":62,"column":18},"end":{"line":62,"column":40}},"8":{"start":{"line":66,"column":21},"end":{"line":66,"column":33}},"9":{"start":{"line":68,"column":2},"end":{"line":70,"column":3}},"10":{"start":{"line":69,"column":4},"end":{"line":69,"column":16}},"11":{"start":{"line":72,"column":14},"end":{"line":72,"column":40}},"12":{"start":{"line":73,"column":2},"end":{"line":75,"column":3}},"13":{"start":{"line":74,"column":4},"end":{"line":74,"column":45}},"14":{"start":{"line":77,"column":2},"end":{"line":77,"column":15}},"15":{"start":{"line":85,"column":2},"end":{"line":123,"column":3}},"16":{"start":{"line":86,"column":18},"end":{"line":86,"column":43}},"17":{"start":{"line":87,"column":4},"end":{"line":89,"column":5}},"18":{"start":{"line":88,"column":6},"end":{"line":88,"column":100}},"19":{"start":{"line":91,"column":27},"end":{"line":91,"column":39}},"20":{"start":{"line":92,"column":19},"end":{"line":92,"column":33}},"21":{"start":{"line":93,"column":17},"end":{"line":93,"column":37}},"22":{"start":{"line":94,"column":97},"end":{"line":94,"column":101}},"23":{"start":{"line":96,"column":28},"end":{"line":96,"column":67}},"24":{"start":{"line":96,"column":55},"end":{"line":96,"column":66}},"25":{"start":{"line":97,"column":4},"end":{"line":99,"column":5}},"26":{"start":{"line":98,"column":6},"end":{"line":98,"column":99}},"27":{"start":{"line":102,"column":27},"end":{"line":111,"column":null}},"28":{"start":{"line":114,"column":4},"end":{"line":114,"column":53}},"29":{"start":{"line":116,"column":4},"end":{"line":119,"column":7}},"30":{"start":{"line":121,"column":4},"end":{"line":121,"column":55}},"31":{"start":{"line":122,"column":4},"end":{"line":122,"column":104}},"32":{"start":{"line":131,"column":2},"end":{"line":155,"column":3}},"33":{"start":{"line":132,"column":18},"end":{"line":132,"column":43}},"34":{"start":{"line":133,"column":4},"end":{"line":135,"column":5}},"35":{"start":{"line":134,"column":6},"end":{"line":134,"column":100}},"36":{"start":{"line":137,"column":27},"end":{"line":137,"column":39}},"37":{"start":{"line":138,"column":19},"end":{"line":138,"column":33}},"38":{"start":{"line":140,"column":28},"end":{"line":140,"column":67}},"39":{"start":{"line":140,"column":55},"end":{"line":140,"column":66}},"40":{"start":{"line":141,"column":4},"end":{"line":143,"column":5}},"41":{"start":{"line":142,"column":6},"end":{"line":142,"column":99}},"42":{"start":{"line":146,"column":30},"end":{"line":146,"column":71}},"43":{"start":{"line":148,"column":4},"end":{"line":151,"column":7}},"44":{"start":{"line":153,"column":4},"end":{"line":153,"column":55}},"45":{"start":{"line":154,"column":4},"end":{"line":154,"column":104}}},"fnMap":{"0":{"name":"verifyAdminAccess","decl":{"start":{"line":65,"column":15},"end":{"line":65,"column":32}},"loc":{"start":{"line":65,"column":32},"end":{"line":78,"column":1}}},"1":{"name":"PUT","decl":{"start":{"line":81,"column":22},"end":{"line":81,"column":25}},"loc":{"start":{"line":83,"column":49},"end":{"line":124,"column":1}}},"2":{"name":"(anonymous_2)","decl":{"start":{"line":96,"column":50},"end":{"line":96,"column":51}},"loc":{"start":{"line":96,"column":55},"end":{"line":96,"column":66}}},"3":{"name":"DELETE","decl":{"start":{"line":127,"column":22},"end":{"line":127,"column":28}},"loc":{"start":{"line":129,"column":49},"end":{"line":156,"column":1}}},"4":{"name":"(anonymous_4)","decl":{"start":{"line":140,"column":50},"end":{"line":140,"column":51}},"loc":{"start":{"line":140,"column":55},"end":{"line":140,"column":66}}}},"branchMap":{"0":{"loc":{"start":{"line":68,"column":2},"end":{"line":70,"column":3}},"type":"if","locations":[{"start":{"line":68,"column":2},"end":{"line":70,"column":3}}]},"1":{"loc":{"start":{"line":73,"column":2},"end":{"line":75,"column":3}},"type":"if","locations":[{"start":{"line":73,"column":2},"end":{"line":75,"column":3}}]},"2":{"loc":{"start":{"line":87,"column":4},"end":{"line":89,"column":5}},"type":"if","locations":[{"start":{"line":87,"column":4},"end":{"line":89,"column":5}}]},"3":{"loc":{"start":{"line":97,"column":4},"end":{"line":99,"column":5}},"type":"if","locations":[{"start":{"line":97,"column":4},"end":{"line":99,"column":5}}]},"4":{"loc":{"start":{"line":104,"column":13},"end":{"line":104,"column":56}},"type":"binary-expr","locations":[{"start":{"line":104,"column":13},"end":{"line":104,"column":18}},{"start":{"line":104,"column":22},"end":{"line":104,"column":56}}]},"5":{"loc":{"start":{"line":105,"column":19},"end":{"line":105,"column":101}},"type":"cond-expr","locations":[{"start":{"line":105,"column":47},"end":{"line":105,"column":58}},{"start":{"line":105,"column":61},"end":{"line":105,"column":101}}]},"6":{"loc":{"start":{"line":106,"column":16},"end":{"line":106,"column":65}},"type":"binary-expr","locations":[{"start":{"line":106,"column":16},"end":{"line":106,"column":24}},{"start":{"line":106,"column":28},"end":{"line":106,"column":65}}]},"7":{"loc":{"start":{"line":107,"column":17},"end":{"line":107,"column":68}},"type":"binary-expr","locations":[{"start":{"line":107,"column":17},"end":{"line":107,"column":26}},{"start":{"line":107,"column":30},"end":{"line":107,"column":68}}]},"8":{"loc":{"start":{"line":108,"column":21},"end":{"line":108,"column":80}},"type":"binary-expr","locations":[{"start":{"line":108,"column":21},"end":{"line":108,"column":34}},{"start":{"line":108,"column":38},"end":{"line":108,"column":80}}]},"9":{"loc":{"start":{"line":109,"column":20},"end":{"line":109,"column":105}},"type":"cond-expr","locations":[{"start":{"line":109,"column":49},"end":{"line":109,"column":61}},{"start":{"line":109,"column":64},"end":{"line":109,"column":105}}]},"10":{"loc":{"start":{"line":110,"column":18},"end":{"line":110,"column":97}},"type":"cond-expr","locations":[{"start":{"line":110,"column":45},"end":{"line":110,"column":55}},{"start":{"line":110,"column":58},"end":{"line":110,"column":97}}]},"11":{"loc":{"start":{"line":133,"column":4},"end":{"line":135,"column":5}},"type":"if","locations":[{"start":{"line":133,"column":4},"end":{"line":135,"column":5}}]},"12":{"loc":{"start":{"line":141,"column":4},"end":{"line":143,"column":5}},"type":"if","locations":[{"start":{"line":141,"column":4},"end":{"line":143,"column":5}}]}},"s":{"0":0,"1":0,"2":0,"3":0,"4":0,"5":0,"6":0,"7":0,"8":0,"9":0,"10":0,"11":0,"12":0,"13":0,"14":0,"15":0,"16":0,"17":0,"18":0,"19":0,"20":0,"21":0,"22":0,"23":0,"24":0,"25":0,"26":0,"27":0,"28":0,"29":0,"30":0,"31":0,"32":0,"33":0,"34":0,"35":0,"36":0,"37":0,"38":0,"39":0,"40":0,"41":0,"42":0,"43":0,"44":0,"45":0},"f":{"0":0,"1":0,"2":0,"3":0,"4":0},"b":{"0":[0],"1":[0],"2":[0],"3":[0],"4":[0,0],"5":[0,0],"6":[0,0],"7":[0,0],"8":[0,0],"9":[0,0],"10":[0,0],"11":[0],"12":[0]}}
,"/Users/davidpetersen/Desktop/Projects/familying/packages/services/soundscapes/src/utils/error-handling.ts": {"path":"/Users/davidpetersen/Desktop/Projects/familying/packages/services/soundscapes/src/utils/error-handling.ts","statementMap":{"0":{"start":{"line":73,"column":0},"end":{"line":73,"column":16}},"1":{"start":{"line":100,"column":0},"end":{"line":100,"column":16}},"2":{"start":{"line":155,"column":0},"end":{"line":155,"column":7}},"3":{"start":{"line":196,"column":0},"end":{"line":196,"column":16}},"4":{"start":{"line":1,"column":0},"end":{"line":1,"column":42}},"5":{"start":{"line":4,"column":13},"end":{"line":35,"column":null}},"6":{"start":{"line":81,"column":37},"end":{"line":92,"column":null}},"7":{"start":{"line":94,"column":2},"end":{"line":94,"column":null}},"8":{"start":{"line":105,"column":42},"end":{"line":109,"column":null}},"9":{"start":{"line":111,"column":2},"end":{"line":111,"column":null}},"10":{"start":{"line":117,"column":13},"end":{"line":150,"column":null}},"11":{"start":{"line":119,"column":4},"end":{"line":119,"column":90}},"12":{"start":{"line":122,"column":4},"end":{"line":122,"column":88}},"13":{"start":{"line":125,"column":4},"end":{"line":125,"column":85}},"14":{"start":{"line":128,"column":4},"end":{"line":128,"column":90}},"15":{"start":{"line":131,"column":4},"end":{"line":131,"column":101}},"16":{"start":{"line":134,"column":4},"end":{"line":134,"column":111}},"17":{"start":{"line":137,"column":4},"end":{"line":137,"column":88}},"18":{"start":{"line":140,"column":4},"end":{"line":140,"column":87}},"19":{"start":{"line":143,"column":4},"end":{"line":143,"column":88}},"20":{"start":{"line":146,"column":4},"end":{"line":146,"column":88}},"21":{"start":{"line":149,"column":4},"end":{"line":149,"column":95}},"22":{"start":{"line":160,"column":2},"end":{"line":166,"column":null}},"23":{"start":{"line":169,"column":2},"end":{"line":187,"column":3}},"24":{"start":{"line":171,"column":4},"end":{"line":173,"column":5}},"25":{"start":{"line":172,"column":6},"end":{"line":172,"column":null}},"26":{"start":{"line":176,"column":4},"end":{"line":178,"column":5}},"27":{"start":{"line":177,"column":6},"end":{"line":177,"column":null}},"28":{"start":{"line":181,"column":4},"end":{"line":183,"column":5}},"29":{"start":{"line":182,"column":6},"end":{"line":182,"column":null}},"30":{"start":{"line":186,"column":4},"end":{"line":186,"column":null}},"31":{"start":{"line":190,"column":2},"end":{"line":190,"column":null}},"32":{"start":{"line":201,"column":2},"end":{"line":207,"column":null}},"33":{"start":{"line":202,"column":4},"end":{"line":206,"column":5}},"34":{"start":{"line":203,"column":6},"end":{"line":203,"column":null}},"35":{"start":{"line":205,"column":6},"end":{"line":205,"column":null}}},"fnMap":{"0":{"name":"createErrorResponse","decl":{"start":{"line":73,"column":16},"end":{"line":73,"column":35}},"loc":{"start":{"line":79,"column":17},"end":{"line":95,"column":1}}},"1":{"name":"createSuccessResponse","decl":{"start":{"line":100,"column":16},"end":{"line":100,"column":37}},"loc":{"start":{"line":103,"column":26},"end":{"line":112,"column":1}}},"2":{"name":"(anonymous_2)","decl":{"start":{"line":118,"column":14},"end":{"line":118,"column":15}},"loc":{"start":{"line":119,"column":4},"end":{"line":119,"column":90}}},"3":{"name":"(anonymous_3)","decl":{"start":{"line":121,"column":16},"end":{"line":121,"column":17}},"loc":{"start":{"line":122,"column":4},"end":{"line":122,"column":88}}},"4":{"name":"(anonymous_4)","decl":{"start":{"line":124,"column":13},"end":{"line":124,"column":14}},"loc":{"start":{"line":125,"column":4},"end":{"line":125,"column":85}}},"5":{"name":"(anonymous_5)","decl":{"start":{"line":127,"column":17},"end":{"line":127,"column":18}},"loc":{"start":{"line":128,"column":4},"end":{"line":128,"column":90}}},"6":{"name":"(anonymous_6)","decl":{"start":{"line":130,"column":12},"end":{"line":130,"column":13}},"loc":{"start":{"line":131,"column":4},"end":{"line":131,"column":101}}},"7":{"name":"(anonymous_7)","decl":{"start":{"line":133,"column":17},"end":{"line":133,"column":18}},"loc":{"start":{"line":134,"column":4},"end":{"line":134,"column":111}}},"8":{"name":"(anonymous_8)","decl":{"start":{"line":136,"column":17},"end":{"line":136,"column":18}},"loc":{"start":{"line":137,"column":4},"end":{"line":137,"column":88}}},"9":{"name":"(anonymous_9)","decl":{"start":{"line":139,"column":16},"end":{"line":139,"column":17}},"loc":{"start":{"line":140,"column":4},"end":{"line":140,"column":87}}},"10":{"name":"(anonymous_10)","decl":{"start":{"line":142,"column":15},"end":{"line":142,"column":16}},"loc":{"start":{"line":143,"column":4},"end":{"line":143,"column":88}}},"11":{"name":"(anonymous_11)","decl":{"start":{"line":145,"column":12},"end":{"line":145,"column":13}},"loc":{"start":{"line":146,"column":4},"end":{"line":146,"column":88}}},"12":{"name":"(anonymous_12)","decl":{"start":{"line":148,"column":22},"end":{"line":148,"column":23}},"loc":{"start":{"line":149,"column":4},"end":{"line":149,"column":95}}},"13":{"name":"handleApiError","decl":{"start":{"line":155,"column":22},"end":{"line":155,"column":36}},"loc":{"start":{"line":158,"column":17},"end":{"line":191,"column":1}}},"14":{"name":"withErrorHandling","decl":{"start":{"line":196,"column":16},"end":{"line":196,"column":33}},"loc":{"start":{"line":199,"column":17},"end":{"line":208,"column":1}}},"15":{"name":"(anonymous_15)","decl":{"start":{"line":201,"column":9},"end":{"line":201,"column":14}},"loc":{"start":{"line":201,"column":75},"end":{"line":207,"column":3}}}},"branchMap":{"0":{"loc":{"start":{"line":77,"column":2},"end":{"line":77,"column":26}},"type":"default-arg","locations":[{"start":{"line":77,"column":23},"end":{"line":77,"column":26}}]},"1":{"loc":{"start":{"line":103,"column":2},"end":{"line":103,"column":26}},"type":"default-arg","locations":[{"start":{"line":103,"column":23},"end":{"line":103,"column":26}}]},"2":{"loc":{"start":{"line":121,"column":17},"end":{"line":121,"column":60}},"type":"default-arg","locations":[{"start":{"line":121,"column":35},"end":{"line":121,"column":60}}]},"3":{"loc":{"start":{"line":124,"column":14},"end":{"line":124,"column":58}},"type":"default-arg","locations":[{"start":{"line":124,"column":32},"end":{"line":124,"column":58}}]},"4":{"loc":{"start":{"line":127,"column":18},"end":{"line":127,"column":59}},"type":"default-arg","locations":[{"start":{"line":127,"column":36},"end":{"line":127,"column":59}}]},"5":{"loc":{"start":{"line":130,"column":13},"end":{"line":130,"column":42}},"type":"default-arg","locations":[{"start":{"line":130,"column":32},"end":{"line":130,"column":42}}]},"6":{"loc":{"start":{"line":133,"column":18},"end":{"line":133,"column":47}},"type":"default-arg","locations":[{"start":{"line":133,"column":37},"end":{"line":133,"column":47}}]},"7":{"loc":{"start":{"line":136,"column":18},"end":{"line":136,"column":63}},"type":"default-arg","locations":[{"start":{"line":136,"column":36},"end":{"line":136,"column":63}}]},"8":{"loc":{"start":{"line":139,"column":17},"end":{"line":139,"column":61}},"type":"default-arg","locations":[{"start":{"line":139,"column":35},"end":{"line":139,"column":61}}]},"9":{"loc":{"start":{"line":142,"column":16},"end":{"line":142,"column":55}},"type":"default-arg","locations":[{"start":{"line":142,"column":34},"end":{"line":142,"column":55}}]},"10":{"loc":{"start":{"line":145,"column":13},"end":{"line":145,"column":54}},"type":"default-arg","locations":[{"start":{"line":145,"column":31},"end":{"line":145,"column":54}}]},"11":{"loc":{"start":{"line":148,"column":23},"end":{"line":148,"column":74}},"type":"default-arg","locations":[{"start":{"line":148,"column":41},"end":{"line":148,"column":74}}]},"12":{"loc":{"start":{"line":165,"column":11},"end":{"line":165,"column":59}},"type":"cond-expr","locations":[{"start":{"line":165,"column":36},"end":{"line":165,"column":47}},{"start":{"line":165,"column":50},"end":{"line":165,"column":59}}]},"13":{"loc":{"start":{"line":169,"column":2},"end":{"line":187,"column":3}},"type":"if","locations":[{"start":{"line":169,"column":2},"end":{"line":187,"column":3}}]},"14":{"loc":{"start":{"line":171,"column":4},"end":{"line":173,"column":5}},"type":"if","locations":[{"start":{"line":171,"column":4},"end":{"line":173,"column":5}}]},"15":{"loc":{"start":{"line":171,"column":8},"end":{"line":171,"column":78}},"type":"binary-expr","locations":[{"start":{"line":171,"column":8},"end":{"line":171,"column":41}},{"start":{"line":171,"column":45},"end":{"line":171,"column":78}}]},"16":{"loc":{"start":{"line":176,"column":4},"end":{"line":178,"column":5}},"type":"if","locations":[{"start":{"line":176,"column":4},"end":{"line":178,"column":5}}]},"17":{"loc":{"start":{"line":176,"column":8},"end":{"line":176,"column":80}},"type":"binary-expr","locations":[{"start":{"line":176,"column":8},"end":{"line":176,"column":42}},{"start":{"line":176,"column":46},"end":{"line":176,"column":80}}]},"18":{"loc":{"start":{"line":181,"column":4},"end":{"line":183,"column":5}},"type":"if","locations":[{"start":{"line":181,"column":4},"end":{"line":183,"column":5}}]},"19":{"loc":{"start":{"line":181,"column":8},"end":{"line":181,"column":77}},"type":"binary-expr","locations":[{"start":{"line":181,"column":8},"end":{"line":181,"column":41}},{"start":{"line":181,"column":45},"end":{"line":181,"column":77}}]}},"s":{"0":2,"1":2,"2":2,"3":2,"4":2,"5":2,"6":16,"7":16,"8":9,"9":9,"10":2,"11":2,"12":1,"13":1,"14":0,"15":1,"16":0,"17":2,"18":2,"19":0,"20":5,"21":0,"22":6,"23":6,"24":4,"25":1,"26":3,"27":0,"28":3,"29":1,"30":2,"31":2,"32":0,"33":0,"34":0,"35":0},"f":{"0":16,"1":9,"2":2,"3":1,"4":1,"5":0,"6":1,"7":0,"8":2,"9":2,"10":0,"11":5,"12":0,"13":6,"14":0,"15":0},"b":{"0":[1],"1":[8],"2":[1],"3":[1],"4":[0],"5":[0],"6":[0],"7":[1],"8":[1],"9":[0],"10":[1],"11":[0],"12":[4,2],"13":[4],"14":[1],"15":[4,4],"16":[0],"17":[3,3],"18":[1],"19":[3,3]}}
,"/Users/davidpetersen/Desktop/Projects/familying/packages/services/soundscapes/src/validation/middleware.ts": {"path":"/Users/davidpetersen/Desktop/Projects/familying/packages/services/soundscapes/src/validation/middleware.ts","statementMap":{"0":{"start":{"line":28,"column":0},"end":{"line":28,"column":7}},"1":{"start":{"line":74,"column":0},"end":{"line":74,"column":16}},"2":{"start":{"line":133,"column":0},"end":{"line":133,"column":16}},"3":{"start":{"line":177,"column":0},"end":{"line":177,"column":16}},"4":{"start":{"line":1,"column":0},"end":{"line":1,"column":55}},"5":{"start":{"line":2,"column":0},"end":{"line":2,"column":41}},"6":{"start":{"line":32,"column":2},"end":{"line":68,"column":3}},"7":{"start":{"line":33,"column":17},"end":{"line":33,"column":37}},"8":{"start":{"line":34,"column":19},"end":{"line":34,"column":37}},"9":{"start":{"line":36,"column":4},"end":{"line":39,"column":null}},"10":{"start":{"line":41,"column":4},"end":{"line":55,"column":5}},"11":{"start":{"line":42,"column":6},"end":{"line":54,"column":null}},"12":{"start":{"line":47,"column":51},"end":{"line":50,"column":12}},"13":{"start":{"line":58,"column":4},"end":{"line":67,"column":null}},"14":{"start":{"line":78,"column":2},"end":{"line":127,"column":3}},"15":{"start":{"line":79,"column":16},"end":{"line":79,"column":36}},"16":{"start":{"line":80,"column":19},"end":{"line":80,"column":65}},"17":{"start":{"line":83,"column":28},"end":{"line":92,"column":17}},"18":{"start":{"line":85,"column":6},"end":{"line":89,"column":null}},"19":{"start":{"line":85,"column":28},"end":{"line":85,"column":null}},"20":{"start":{"line":86,"column":11},"end":{"line":89,"column":null}},"21":{"start":{"line":86,"column":34},"end":{"line":86,"column":null}},"22":{"start":{"line":88,"column":11},"end":{"line":89,"column":null}},"23":{"start":{"line":88,"column":54},"end":{"line":88,"column":null}},"24":{"start":{"line":89,"column":11},"end":{"line":89,"column":null}},"25":{"start":{"line":91,"column":6},"end":{"line":91,"column":null}},"26":{"start":{"line":94,"column":19},"end":{"line":94,"column":48}},"27":{"start":{"line":96,"column":4},"end":{"line":99,"column":null}},"28":{"start":{"line":101,"column":4},"end":{"line":115,"column":5}},"29":{"start":{"line":102,"column":6},"end":{"line":114,"column":null}},"30":{"start":{"line":107,"column":51},"end":{"line":110,"column":12}},"31":{"start":{"line":117,"column":4},"end":{"line":126,"column":null}},"32":{"start":{"line":137,"column":2},"end":{"line":171,"column":3}},"33":{"start":{"line":138,"column":19},"end":{"line":138,"column":39}},"34":{"start":{"line":140,"column":4},"end":{"line":143,"column":null}},"35":{"start":{"line":145,"column":4},"end":{"line":159,"column":5}},"36":{"start":{"line":146,"column":6},"end":{"line":158,"column":null}},"37":{"start":{"line":151,"column":51},"end":{"line":154,"column":12}},"38":{"start":{"line":161,"column":4},"end":{"line":170,"column":null}},"39":{"start":{"line":178,"column":2},"end":{"line":178,"column":null}}},"fnMap":{"0":{"name":"validateRequestBody","decl":{"start":{"line":28,"column":22},"end":{"line":28,"column":41}},"loc":{"start":{"line":30,"column":22},"end":{"line":69,"column":1}}},"1":{"name":"(anonymous_1)","decl":{"start":{"line":47,"column":36},"end":{"line":47,"column":37}},"loc":{"start":{"line":47,"column":51},"end":{"line":50,"column":12}}},"2":{"name":"validateQueryParams","decl":{"start":{"line":74,"column":16},"end":{"line":74,"column":35}},"loc":{"start":{"line":76,"column":22},"end":{"line":128,"column":1}}},"3":{"name":"(anonymous_3)","decl":{"start":{"line":83,"column":58},"end":{"line":83,"column":59}},"loc":{"start":{"line":83,"column":80},"end":{"line":92,"column":5}}},"4":{"name":"(anonymous_4)","decl":{"start":{"line":107,"column":36},"end":{"line":107,"column":37}},"loc":{"start":{"line":107,"column":51},"end":{"line":110,"column":12}}},"5":{"name":"validateParams","decl":{"start":{"line":133,"column":16},"end":{"line":133,"column":30}},"loc":{"start":{"line":135,"column":22},"end":{"line":172,"column":1}}},"6":{"name":"(anonymous_6)","decl":{"start":{"line":151,"column":36},"end":{"line":151,"column":37}},"loc":{"start":{"line":151,"column":51},"end":{"line":154,"column":12}}},"7":{"name":"createValidationErrorResponse","decl":{"start":{"line":177,"column":16},"end":{"line":177,"column":45}},"loc":{"start":{"line":177,"column":73},"end":{"line":179,"column":1}}}},"branchMap":{"0":{"loc":{"start":{"line":41,"column":4},"end":{"line":55,"column":5}},"type":"if","locations":[{"start":{"line":41,"column":4},"end":{"line":55,"column":5}}]},"1":{"loc":{"start":{"line":85,"column":6},"end":{"line":89,"column":null}},"type":"if","locations":[{"start":{"line":85,"column":6},"end":{"line":89,"column":null}},{"start":{"line":86,"column":11},"end":{"line":89,"column":null}}]},"2":{"loc":{"start":{"line":86,"column":11},"end":{"line":89,"column":null}},"type":"if","locations":[{"start":{"line":86,"column":11},"end":{"line":89,"column":null}},{"start":{"line":88,"column":11},"end":{"line":89,"column":null}}]},"3":{"loc":{"start":{"line":88,"column":11},"end":{"line":89,"column":null}},"type":"if","locations":[{"start":{"line":88,"column":11},"end":{"line":89,"column":null}},{"start":{"line":89,"column":11},"end":{"line":89,"column":null}}]},"4":{"loc":{"start":{"line":88,"column":15},"end":{"line":88,"column":52}},"type":"binary-expr","locations":[{"start":{"line":88,"column":15},"end":{"line":88,"column":36}},{"start":{"line":88,"column":40},"end":{"line":88,"column":52}}]},"5":{"loc":{"start":{"line":101,"column":4},"end":{"line":115,"column":5}},"type":"if","locations":[{"start":{"line":101,"column":4},"end":{"line":115,"column":5}}]},"6":{"loc":{"start":{"line":145,"column":4},"end":{"line":159,"column":5}},"type":"if","locations":[{"start":{"line":145,"column":4},"end":{"line":159,"column":5}}]}},"s":{"0":2,"1":2,"2":2,"3":2,"4":2,"5":2,"6":7,"7":7,"8":6,"9":4,"10":3,"11":2,"12":4,"13":1,"14":2,"15":2,"16":2,"17":2,"18":4,"19":1,"20":3,"21":1,"22":2,"23":2,"24":0,"25":4,"26":2,"27":2,"28":0,"29":0,"30":0,"31":0,"32":2,"33":2,"34":1,"35":1,"36":1,"37":1,"38":0,"39":1},"f":{"0":7,"1":4,"2":2,"3":4,"4":0,"5":2,"6":1,"7":1},"b":{"0":[2],"1":[1,3],"2":[1,2],"3":[2,0],"4":[2,2],"5":[0],"6":[1]}}
,"/Users/davidpetersen/Desktop/Projects/familying/packages/services/soundscapes/src/validation/schemas.ts": {"path":"/Users/davidpetersen/Desktop/Projects/familying/packages/services/soundscapes/src/validation/schemas.ts","statementMap":{"0":{"start":{"line":1,"column":0},"end":{"line":1,"column":23}},"1":{"start":{"line":4,"column":13},"end":{"line":4,"column":null}},"2":{"start":{"line":7,"column":13},"end":{"line":35,"column":null}},"3":{"start":{"line":20,"column":30},"end":{"line":20,"column":79}},"4":{"start":{"line":21,"column":6},"end":{"line":21,"column":null}},"5":{"start":{"line":21,"column":41},"end":{"line":21,"column":72}},"6":{"start":{"line":38,"column":13},"end":{"line":38,"column":null}},"7":{"start":{"line":41,"column":13},"end":{"line":48,"column":null}},"8":{"start":{"line":51,"column":13},"end":{"line":55,"column":null}},"9":{"start":{"line":58,"column":13},"end":{"line":60,"column":null}}},"fnMap":{"0":{"name":"(anonymous_0)","decl":{"start":{"line":19,"column":12},"end":{"line":19,"column":13}},"loc":{"start":{"line":19,"column":20},"end":{"line":22,"column":5}}},"1":{"name":"(anonymous_1)","decl":{"start":{"line":21,"column":34},"end":{"line":21,"column":37}},"loc":{"start":{"line":21,"column":41},"end":{"line":21,"column":72}}}},"branchMap":{},"s":{"0":3,"1":3,"2":3,"3":14,"4":14,"5":44,"6":3,"7":3,"8":3,"9":3},"f":{"0":14,"1":44},"b":{}}
}
