TN:
SF:src/components.ts
FN:2,(anonymous_1)
FN:3,(anonymous_2)
FNF:2
FNH:0
FNDA:0,(anonymous_1)
FNDA:0,(anonymous_2)
DA:2,0
DA:3,0
LF:2
LH:0
BRF:0
BRH:0
end_of_record
TN:
SF:src/api/storage.ts
FN:7,getAllFilesRecursively
FN:44,getStorageFiles
FN:50,(anonymous_2)
FN:56,(anonymous_3)
FN:75,(anonymous_4)
FN:86,(anonymous_5)
FN:98,importStorageFiles
FN:171,(anonymous_7)
FN:227,(anonymous_8)
FN:228,(anonymous_9)
FNF:10
FNH:9
FNDA:3,getAllFilesRecursively
FNDA:3,getStorageFiles
FNDA:3,(anonymous_2)
FNDA:2,(anonymous_3)
FNDA:0,(anonymous_4)
FNDA:2,(anonymous_5)
FNDA:4,importStorageFiles
FNDA:3,(anonymous_7)
FNDA:3,(anonymous_8)
FNDA:3,(anonymous_9)
DA:2,1
DA:3,1
DA:4,1
DA:5,1
DA:8,3
DA:16,3
DA:17,1
DA:18,1
DA:21,2
DA:22,3
DA:24,3
DA:26,0
DA:29,3
DA:37,2
DA:44,1
DA:45,3
DA:47,3
DA:50,3
DA:51,3
DA:52,3
DA:56,3
DA:57,2
DA:61,2
DA:75,3
DA:76,0
DA:77,0
DA:79,0
DA:82,3
DA:86,2
DA:90,0
DA:98,1
DA:99,4
DA:101,4
DA:102,4
DA:103,1
DA:111,3
DA:113,3
DA:115,3
DA:116,3
DA:118,3
DA:122,3
DA:123,0
DA:128,0
DA:131,3
DA:132,3
DA:133,3
DA:134,3
DA:137,3
DA:138,3
DA:139,3
DA:142,3
DA:143,0
DA:144,3
DA:145,0
DA:146,3
DA:147,0
DA:148,3
DA:149,0
DA:152,3
DA:153,0
DA:154,3
DA:155,0
DA:156,3
DA:157,0
DA:162,3
DA:167,3
DA:171,3
DA:182,3
DA:188,0
DA:189,0
DA:195,0
DA:199,0
DA:205,0
DA:206,0
DA:212,0
DA:219,3
DA:227,3
DA:228,3
DA:230,3
DA:240,0
DA:241,0
LF:81
LH:58
BRDA:7,0,0,3
BRDA:7,1,0,3
BRDA:16,2,0,1
BRDA:21,3,0,2
BRDA:21,3,1,0
BRDA:22,4,0,0
BRDA:22,4,1,3
BRDA:24,5,0,0
BRDA:24,5,1,3
BRDA:32,6,0,3
BRDA:32,6,1,3
BRDA:52,7,0,3
BRDA:52,7,1,0
BRDA:66,8,0,2
BRDA:66,8,1,0
BRDA:66,9,0,0
BRDA:66,9,1,2
BRDA:66,10,0,2
BRDA:66,10,1,2
BRDA:67,11,0,2
BRDA:67,11,1,0
BRDA:67,12,0,0
BRDA:67,12,1,2
BRDA:67,13,0,2
BRDA:67,13,1,2
BRDA:68,14,0,2
BRDA:68,14,1,0
BRDA:76,15,0,0
BRDA:102,16,0,1
BRDA:122,17,0,0
BRDA:122,18,0,3
BRDA:122,18,1,3
BRDA:122,18,2,3
BRDA:134,19,0,3
BRDA:134,19,1,3
BRDA:142,20,0,0
BRDA:142,20,1,3
BRDA:142,21,0,3
BRDA:142,21,1,3
BRDA:142,21,2,3
BRDA:144,22,0,0
BRDA:144,22,1,3
BRDA:144,23,0,3
BRDA:144,23,1,3
BRDA:144,23,2,3
BRDA:146,24,0,0
BRDA:146,24,1,3
BRDA:146,25,0,3
BRDA:146,25,1,3
BRDA:146,25,2,3
BRDA:148,26,0,0
BRDA:148,26,1,3
BRDA:148,27,0,3
BRDA:148,27,1,3
BRDA:148,27,2,3
BRDA:152,28,0,0
BRDA:152,28,1,3
BRDA:152,29,0,3
BRDA:152,29,1,3
BRDA:152,29,2,3
BRDA:154,30,0,0
BRDA:154,30,1,3
BRDA:154,31,0,3
BRDA:154,31,1,3
BRDA:154,31,2,3
BRDA:156,32,0,0
BRDA:156,33,0,3
BRDA:156,33,1,3
BRDA:156,33,2,3
BRDA:172,34,0,0
BRDA:172,34,1,3
BRDA:188,35,0,0
BRDA:205,36,0,0
BRDA:205,36,1,0
BRDA:222,37,0,3
BRDA:222,37,1,0
BRDA:231,38,0,3
BRDA:231,38,1,0
BRDA:243,39,0,0
BRDA:243,39,1,0
BRF:80
BRH:54
end_of_record
TN:
SF:src/api/admin/route.ts
FN:65,verifyAdminAccess
FN:81,GET
FN:102,POST
FNF:3
FNH:0
FNDA:0,verifyAdminAccess
FNDA:0,GET
FNDA:0,POST
DA:1,0
DA:2,0
DA:3,0
DA:4,0
DA:7,0
DA:62,0
DA:66,0
DA:68,0
DA:69,0
DA:72,0
DA:73,0
DA:74,0
DA:77,0
DA:81,0
DA:82,0
DA:83,0
DA:84,0
DA:85,0
DA:90,0
DA:96,0
DA:97,0
DA:102,0
DA:103,0
DA:104,0
DA:105,0
DA:106,0
DA:109,0
DA:110,0
DA:112,0
DA:113,0
DA:116,0
DA:130,0
DA:132,0
DA:137,0
DA:138,0
LF:35
LH:0
BRDA:68,0,0,0
BRDA:73,1,0,0
BRDA:84,2,0,0
BRDA:105,3,0,0
BRDA:112,4,0,0
BRDA:112,5,0,0
BRDA:112,5,1,0
BRDA:112,5,2,0
BRDA:112,5,3,0
BRDA:119,6,0,0
BRDA:119,6,1,0
BRDA:123,7,0,0
BRDA:123,7,1,0
BRDA:124,8,0,0
BRDA:124,8,1,0
BRF:15
BRH:0
end_of_record
TN:
SF:src/api/admin/[id]/route.ts
FN:65,verifyAdminAccess
FN:81,PUT
FN:96,(anonymous_2)
FN:127,DELETE
FN:140,(anonymous_4)
FNF:5
FNH:0
FNDA:0,verifyAdminAccess
FNDA:0,PUT
FNDA:0,(anonymous_2)
FNDA:0,DELETE
FNDA:0,(anonymous_4)
DA:1,0
DA:2,0
DA:3,0
DA:4,0
DA:7,0
DA:62,0
DA:66,0
DA:68,0
DA:69,0
DA:72,0
DA:73,0
DA:74,0
DA:77,0
DA:81,0
DA:85,0
DA:86,0
DA:87,0
DA:88,0
DA:91,0
DA:92,0
DA:93,0
DA:94,0
DA:96,0
DA:97,0
DA:98,0
DA:102,0
DA:114,0
DA:116,0
DA:121,0
DA:122,0
DA:127,0
DA:131,0
DA:132,0
DA:133,0
DA:134,0
DA:137,0
DA:138,0
DA:140,0
DA:141,0
DA:142,0
DA:146,0
DA:148,0
DA:153,0
DA:154,0
LF:44
LH:0
BRDA:68,0,0,0
BRDA:73,1,0,0
BRDA:87,2,0,0
BRDA:97,3,0,0
BRDA:104,4,0,0
BRDA:104,4,1,0
BRDA:105,5,0,0
BRDA:105,5,1,0
BRDA:106,6,0,0
BRDA:106,6,1,0
BRDA:107,7,0,0
BRDA:107,7,1,0
BRDA:108,8,0,0
BRDA:108,8,1,0
BRDA:109,9,0,0
BRDA:109,9,1,0
BRDA:110,10,0,0
BRDA:110,10,1,0
BRDA:133,11,0,0
BRDA:141,12,0,0
BRF:20
BRH:0
end_of_record
TN:
SF:src/utils/error-handling.ts
FN:73,createErrorResponse
FN:100,createSuccessResponse
FN:118,(anonymous_2)
FN:121,(anonymous_3)
FN:124,(anonymous_4)
FN:127,(anonymous_5)
FN:130,(anonymous_6)
FN:133,(anonymous_7)
FN:136,(anonymous_8)
FN:139,(anonymous_9)
FN:142,(anonymous_10)
FN:145,(anonymous_11)
FN:148,(anonymous_12)
FN:155,handleApiError
FN:196,withErrorHandling
FN:201,(anonymous_15)
FNF:16
FNH:10
FNDA:16,createErrorResponse
FNDA:9,createSuccessResponse
FNDA:2,(anonymous_2)
FNDA:1,(anonymous_3)
FNDA:1,(anonymous_4)
FNDA:0,(anonymous_5)
FNDA:1,(anonymous_6)
FNDA:0,(anonymous_7)
FNDA:2,(anonymous_8)
FNDA:2,(anonymous_9)
FNDA:0,(anonymous_10)
FNDA:5,(anonymous_11)
FNDA:0,(anonymous_12)
FNDA:6,handleApiError
FNDA:0,withErrorHandling
FNDA:0,(anonymous_15)
DA:1,2
DA:4,2
DA:73,2
DA:81,16
DA:94,16
DA:100,2
DA:105,9
DA:111,9
DA:117,2
DA:119,2
DA:122,1
DA:125,1
DA:128,0
DA:131,1
DA:134,0
DA:137,2
DA:140,2
DA:143,0
DA:146,5
DA:149,0
DA:155,2
DA:160,6
DA:169,6
DA:171,4
DA:172,1
DA:176,3
DA:177,0
DA:181,3
DA:182,1
DA:186,2
DA:190,2
DA:196,2
DA:201,0
DA:202,0
DA:203,0
DA:205,0
LF:36
LH:27
BRDA:77,0,0,1
BRDA:103,1,0,8
BRDA:121,2,0,1
BRDA:124,3,0,1
BRDA:127,4,0,0
BRDA:130,5,0,0
BRDA:133,6,0,0
BRDA:136,7,0,1
BRDA:139,8,0,1
BRDA:142,9,0,0
BRDA:145,10,0,1
BRDA:148,11,0,0
BRDA:165,12,0,4
BRDA:165,12,1,2
BRDA:169,13,0,4
BRDA:171,14,0,1
BRDA:171,15,0,4
BRDA:171,15,1,4
BRDA:176,16,0,0
BRDA:176,17,0,3
BRDA:176,17,1,3
BRDA:181,18,0,1
BRDA:181,19,0,3
BRDA:181,19,1,3
BRF:24
BRH:18
end_of_record
TN:
SF:src/validation/middleware.ts
FN:28,validateRequestBody
FN:47,(anonymous_1)
FN:74,validateQueryParams
FN:83,(anonymous_3)
FN:107,(anonymous_4)
FN:133,validateParams
FN:151,(anonymous_6)
FN:177,createValidationErrorResponse
FNF:8
FNH:7
FNDA:7,validateRequestBody
FNDA:4,(anonymous_1)
FNDA:2,validateQueryParams
FNDA:4,(anonymous_3)
FNDA:0,(anonymous_4)
FNDA:2,validateParams
FNDA:1,(anonymous_6)
FNDA:1,createValidationErrorResponse
DA:1,2
DA:2,2
DA:28,2
DA:32,7
DA:33,7
DA:34,6
DA:36,4
DA:41,3
DA:42,2
DA:47,4
DA:58,1
DA:74,2
DA:78,2
DA:79,2
DA:80,2
DA:83,2
DA:85,4
DA:86,3
DA:88,2
DA:89,0
DA:91,4
DA:94,2
DA:96,2
DA:101,0
DA:102,0
DA:107,0
DA:117,0
DA:133,2
DA:137,2
DA:138,2
DA:140,1
DA:145,1
DA:146,1
DA:151,1
DA:161,0
DA:177,2
DA:178,1
LF:37
LH:31
BRDA:41,0,0,2
BRDA:85,1,0,1
BRDA:85,1,1,3
BRDA:86,2,0,1
BRDA:86,2,1,2
BRDA:88,3,0,2
BRDA:88,3,1,0
BRDA:88,4,0,2
BRDA:88,4,1,2
BRDA:101,5,0,0
BRDA:145,6,0,1
BRF:11
BRH:9
end_of_record
TN:
SF:src/validation/schemas.ts
FN:19,(anonymous_0)
FN:21,(anonymous_1)
FNF:2
FNH:2
FNDA:14,(anonymous_0)
FNDA:44,(anonymous_1)
DA:1,3
DA:4,3
DA:7,3
DA:20,14
DA:21,44
DA:38,3
DA:41,3
DA:51,3
DA:58,3
LF:9
LH:9
BRF:0
BRH:0
end_of_record
